<?xml version="1.0" encoding="UTF-8"?>
<!-- Generated by org.testng.reporters.JUnitReportReporter -->
<testsuite skipped="0" hostname="INWS03011-02" name="com.java.prog.arrays.findLargeNoInArray" tests="4" failures="0" timestamp="2021-06-04T21:25:42 IST" time="0.012" errors="0">
  <testcase name="find2ndLargestNoFromArrayInt" time="0.000" classname="com.java.prog.arrays.findLargeNoInArray"/>
  <testcase name="find2ndLargestNoFromArray" time="0.012" classname="com.java.prog.arrays.findLargeNoInArray"/>
  <testcase name="findLargestNoFromArrayInt" time="0.000" classname="com.java.prog.arrays.findLargeNoInArray"/>
  <testcase name="findSecondHighestNoFromOneDimArray" time="0.000" classname="com.java.prog.arrays.findLargeNoInArray"/>
</testsuite> <!-- com.java.prog.arrays.findLargeNoInArray -->
