<?xml version="1.0" encoding="UTF-8"?>
<!-- Generated by org.testng.reporters.JUnitReportReporter -->
<testsuite skipped="0" hostname="INWS03011-02" name="com.java.prog.stringIntegerChar.CharOccurrance" tests="3" failures="0" timestamp="2021-06-04T21:43:17 IST" time="0.008" errors="0">
  <testcase name="findDuplicateCharcterCount" time="0.000" classname="com.java.prog.stringIntegerChar.CharOccurrance"/>
  <testcase name="findCharCount" time="0.008" classname="com.java.prog.stringIntegerChar.CharOccurrance"/>
  <testcase name="findEachCharCountInString" time="0.000" classname="com.java.prog.stringIntegerChar.CharOccurrance"/>
</testsuite> <!-- com.java.prog.stringIntegerChar.CharOccurrance -->
