<?xml version="1.0" encoding="UTF-8"?>
<!-- Generated by org.testng.reporters.JUnitReportReporter -->
<testsuite skipped="0" hostname="INWS03011-02" name="com.exceptions.selenium.SeleniumExceptions" tests="1" failures="0" timestamp="2021-06-01T15:03:51 IST" time="17.101" errors="0">
  <testcase name="invalidSelecorException1" time="17.101" classname="com.exceptions.selenium.SeleniumExceptions"/>
</testsuite> <!-- com.exceptions.selenium.SeleniumExceptions -->
